<?xml version="1.0" encoding="UTF-8"?>
<!-- Generated by org.testng.reporters.JUnitXMLReporter -->
<testsuite ignored="0" hostname="DESKTOP-2U16CG4" failures="0" tests="4" name="Default test" time="37.669" errors="0" timestamp="2025-06-04T12:05:17 IST">
  <testcase classname="TestBase.ProfilepictureTest" name="openMyInfo" time="2.549"/>
  <testcase classname="TestBase.ProfilepictureTest" name="clickonPP" time="0.98"/>
  <testcase classname="TestBase.ProfilepictureTest" name="Clickonaddbutton" time="6.899"/>
  <testcase classname="TestBase.ProfilepictureTest" name="Clickonsavebutton" time="2.269"/>
</testsuite> <!-- Default test -->
