<?xml version="1.0" encoding="UTF-8"?>
<testsuite xmlns:xsi="http://www.w3.org/2001/XMLSchema-instance" xsi:noNamespaceSchemaLocation="https://maven.apache.org/surefire/maven-surefire-plugin/xsd/surefire-test-report-3.0.xsd" version="3.0" name="TestSuite" time="70.393" tests="18" errors="0" skipped="5" failures="2">
  <properties>
[...]
</properties>
  <testcase name="invalidcredentials" classname="TestBase.LoginTest" time="0.992">
    <system-err><![CDATA[SLF4J(W): No SLF4J providers were found.
SLF4J(W): Defaulting to no-operation (NOP) logger implementation
SLF4J(W): See https://www.slf4j.org/codes.html#noProviders for further details.
Jun 04, 2025 3:39:36 PM org.openqa.selenium.devtools.CdpVersionFinder findNearestMatch
WARNING: Unable to find CDP implementation matching 137
Jun 04, 2025 3:39:36 PM org.openqa.selenium.chromium.ChromiumDriver lambda$new$5
WARNING: Unable to find version of CDP to use for 137.0.7151.56. You may need to include a dependency on a specific version of the CDP using something similar to `org.seleniumhq.selenium:selenium-devtools-v86:4.20.0` where the version ("v86") matches the version of the chromium-based browser you're using and the version number of the artifact is the same as Selenium's.
]]></system-err>
  </testcase>
  <testcase name="invalidusername" classname="TestBase.LoginTest" time="1.773"/>
  <testcase name="invalidpassword" classname="TestBase.LoginTest" time="1.534"/>
  <testcase name="Validcredentials" classname="TestBase.LoginTest" time="3.53"/>
  <testcase name="openMyInfo" classname="TestBase.Myinfo_PersonalDetailsTest" time="2.184">
    <system-err><![CDATA[Jun 04, 2025 3:39:50 PM org.openqa.selenium.devtools.CdpVersionFinder findNearestMatch
WARNING: Unable to find CDP implementation matching 137
Jun 04, 2025 3:39:50 PM org.openqa.selenium.chromium.ChromiumDriver lambda$new$5
WARNING: Unable to find version of CDP to use for 137.0.7151.56. You may need to include a dependency on a specific version of the CDP using something similar to `org.seleniumhq.selenium:selenium-devtools-v86:4.20.0` where the version ("v86") matches the version of the chromium-based browser you're using and the version number of the artifact is the same as Selenium's.
]]></system-err>
  </testcase>
  <testcase name="withoutdetials" classname="TestBase.Myinfo_PersonalDetailsTest" time="0.834"/>
  <testcase name="Add_Attachment" classname="TestBase.Myinfo_PersonalDetailsTest" time="6.835"/>
  <testcase name="FullDetails" classname="TestBase.Myinfo_PersonalDetailsTest" time="1.888"/>
  <testcase name="ClickDownlaodButton" classname="TestBase.Myinfo_PersonalDetailsTest" time="1.954">
    <system-out><![CDATA[792
]]></system-out>
  </testcase>
  <testcase name="ClickDeletebutton" classname="TestBase.Myinfo_PersonalDetailsTest" time="15.787">
    <failure message="Expected condition failed: waiting for element to be clickable: [[ChromeDriver: chrome on windows (ca3181c339cfa9cc630a92a974c4be6a)] -&gt; css selector: .oxd-icon.bi-trash.oxd-button-icon] (tried for 15 second(s) with 500 milliseconds interval)&#10;Build info: version: &apos;4.20.0&apos;, revision: &apos;866c76ca80&apos;&#10;System info: os.name: &apos;Windows 11&apos;, os.arch: &apos;amd64&apos;, os.version: &apos;10.0&apos;, java.version: &apos;24.0.1&apos;&#10;Driver info: org.openqa.selenium.chrome.ChromeDriver&#10;Capabilities {acceptInsecureCerts: false, browserName: chrome, browserVersion: 137.0.7151.56, chrome: {chromedriverVersion: 137.0.7151.68 (2989ffee9373..., userDataDir: C:\Users\Kanu\AppData\Local...}, fedcm:accounts: true, goog:chromeOptions: {debuggerAddress: localhost:50145}, networkConnectionEnabled: false, pageLoadStrategy: normal, platformName: windows, proxy: Proxy(), se:cdp: ws://localhost:50145/devtoo..., se:cdpVersion: 137.0.7151.56, setWindowRect: true, strictFileInteractability: false, timeouts: {implicit: 0, pageLoad: 300000, script: 30000}, unhandledPromptBehavior: dismiss and notify, webauthn:extension:credBlob: true, webauthn:extension:largeBlob: true, webauthn:extension:minPinLength: true, webauthn:extension:prf: true, webauthn:virtualAuthenticators: true}&#10;Session ID: ca3181c339cfa9cc630a92a974c4be6a" type="org.openqa.selenium.TimeoutException"><![CDATA[org.openqa.selenium.TimeoutException: 
Expected condition failed: waiting for element to be clickable: [[ChromeDriver: chrome on windows (ca3181c339cfa9cc630a92a974c4be6a)] -> css selector: .oxd-icon.bi-trash.oxd-button-icon] (tried for 15 second(s) with 500 milliseconds interval)
Build info: version: '4.20.0', revision: '866c76ca80'
System info: os.name: 'Windows 11', os.arch: 'amd64', os.version: '10.0', java.version: '24.0.1'
Driver info: org.openqa.selenium.chrome.ChromeDriver
Capabilities {acceptInsecureCerts: false, browserName: chrome, browserVersion: 137.0.7151.56, chrome: {chromedriverVersion: 137.0.7151.68 (2989ffee9373..., userDataDir: C:\Users\Kanu\AppData\Local...}, fedcm:accounts: true, goog:chromeOptions: {debuggerAddress: localhost:50145}, networkConnectionEnabled: false, pageLoadStrategy: normal, platformName: windows, proxy: Proxy(), se:cdp: ws://localhost:50145/devtoo..., se:cdpVersion: 137.0.7151.56, setWindowRect: true, strictFileInteractability: false, timeouts: {implicit: 0, pageLoad: 300000, script: 30000}, unhandledPromptBehavior: dismiss and notify, webauthn:extension:credBlob: true, webauthn:extension:largeBlob: true, webauthn:extension:minPinLength: true, webauthn:extension:prf: true, webauthn:virtualAuthenticators: true}
Session ID: ca3181c339cfa9cc630a92a974c4be6a
	at TestBase.Myinfo_PersonalDetailsTest.ClickDeletebutton(Myinfo_PersonalDetailsTest.java:93)
]]></failure>
  </testcase>
  <testcase name="Login" classname="TestBase.ProfilepictureTest" time="22.413">
    <failure message="Login Failed expected [true] but found [false]" type="java.lang.AssertionError"><![CDATA[java.lang.AssertionError: Login Failed expected [true] but found [false]
	at TestBase.ProfilepictureTest.Login(ProfilepictureTest.java:27)
]]></failure>
    <system-err><![CDATA[Jun 04, 2025 3:40:27 PM org.openqa.selenium.devtools.CdpVersionFinder findNearestMatch
WARNING: Unable to find CDP implementation matching 137
Jun 04, 2025 3:40:27 PM org.openqa.selenium.chromium.ChromiumDriver lambda$new$5
WARNING: Unable to find version of CDP to use for 137.0.7151.56. You may need to include a dependency on a specific version of the CDP using something similar to `org.seleniumhq.selenium:selenium-devtools-v86:4.20.0` where the version ("v86") matches the version of the chromium-based browser you're using and the version number of the artifact is the same as Selenium's.
]]></system-err>
  </testcase>
  <testcase name="openMyInfo" classname="TestBase.ProfilepictureTest" time="0">
    <skipped message="Login Failed expected [true] but found [false]"/>
  </testcase>
  <testcase name="clickonPP" classname="TestBase.ProfilepictureTest" time="0">
    <skipped message="Login Failed expected [true] but found [false]"/>
  </testcase>
  <testcase name="Clickonaddbutton" classname="TestBase.ProfilepictureTest" time="0">
    <skipped message="Login Failed expected [true] but found [false]"/>
  </testcase>
  <testcase name="Clickonsavebutton" classname="TestBase.ProfilepictureTest" time="0">
    <skipped message="Login Failed expected [true] but found [false]"/>
  </testcase>
  <testcase name="terminate" classname="TestBase.ProfilepictureTest" time="0">
    <skipped/>
  </testcase>
  <testcase name="click_on_profile_name" classname="TestBase.LogoutTest" time="1.537">
    <system-err><![CDATA[Jun 04, 2025 3:40:34 PM org.openqa.selenium.devtools.CdpVersionFinder findNearestMatch
WARNING: Unable to find CDP implementation matching 137
Jun 04, 2025 3:40:34 PM org.openqa.selenium.chromium.ChromiumDriver lambda$new$5
WARNING: Unable to find version of CDP to use for 137.0.7151.56. You may need to include a dependency on a specific version of the CDP using something similar to `org.seleniumhq.selenium:selenium-devtools-v86:4.20.0` where the version ("v86") matches the version of the chromium-based browser you're using and the version number of the artifact is the same as Selenium's.
]]></system-err>
  </testcase>
  <testcase name="click_on_logout" classname="TestBase.LogoutTest" time="0.458"/>
</testsuite>