<?xml version="1.0" encoding="UTF-8"?>
<testng-results ignored="0" total="6" passed="5" failed="1" skipped="0">
  <reporter-output>
  </reporter-output>
  <suite started-at="2025-06-04T18:13:10 IST" name="Default suite" finished-at="2025-06-04T18:14:14 IST" duration-ms="63795">
    <groups>
    </groups>
    <test started-at="2025-06-04T18:13:10 IST" name="Default test" finished-at="2025-06-04T18:14:14 IST" duration-ms="63795">
      <class name="TestBase.Myinfo_PersonalDetailsTest">
        <test-method is-config="true" signature="initialzation()[pri:0, instance:TestBase.Myinfo_PersonalDetailsTest@3b0090a4]" started-at="2025-06-04T18:13:10 IST" name="initialzation" finished-at="2025-06-04T18:13:25 IST" duration-ms="15055" status="PASS">
          <reporter-output>
          </reporter-output>
        </test-method> <!-- initialzation -->
        <test-method is-config="true" signature="Login()[pri:0, instance:TestBase.Myinfo_PersonalDetailsTest@3b0090a4]" started-at="2025-06-04T18:13:25 IST" name="Login" finished-at="2025-06-04T18:13:40 IST" duration-ms="14458" status="PASS">
          <reporter-output>
          </reporter-output>
        </test-method> <!-- Login -->
        <test-method signature="openMyInfo()[pri:1, instance:TestBase.Myinfo_PersonalDetailsTest@3b0090a4]" started-at="2025-06-04T18:13:40 IST" name="openMyInfo" finished-at="2025-06-04T18:13:52 IST" duration-ms="11744" status="PASS">
          <reporter-output>
          </reporter-output>
        </test-method> <!-- openMyInfo -->
        <test-method signature="withoutdetials()[pri:2, instance:TestBase.Myinfo_PersonalDetailsTest@3b0090a4]" started-at="2025-06-04T18:13:52 IST" name="withoutdetials" finished-at="2025-06-04T18:13:54 IST" duration-ms="2221" status="FAIL">
          <exception class="org.openqa.selenium.ElementClickInterceptedException">
            <message>
              <![CDATA[element click intercepted: Element <button data-v-10d463b7="" data-v-6653c066="" type="submit" class="oxd-button oxd-button--medium oxd-button--secondary orangehrm-left-space">...</button> is not clickable at point (1402, 663). Other element would receive the click: <div data-v-af86f9aa="" class="orangehrm-custom-fields">...</div>
  (Session info: chrome=137.0.7151.56)
Build info: version: '4.20.0', revision: '866c76ca80'
System info: os.name: 'Windows 11', os.arch: 'amd64', os.version: '10.0', java.version: '21.0.6'
Driver info: org.openqa.selenium.chrome.ChromeDriver
Command: [cecef42b46565714570a7f2a1341273f, clickElement {id=f.51A02EFEC02AAC58504E1BF257B2C4E4.d.2A5A1872E2623FA8B73D15A5B479F744.e.89}]
Capabilities {acceptInsecureCerts: false, browserName: chrome, browserVersion: 137.0.7151.56, chrome: {chromedriverVersion: 137.0.7151.68 (2989ffee9373..., userDataDir: C:\Users\Kanu\AppData\Local...}, fedcm:accounts: true, goog:chromeOptions: {debuggerAddress: localhost:51313}, networkConnectionEnabled: false, pageLoadStrategy: normal, platformName: windows, proxy: Proxy(), se:cdp: ws://localhost:51313/devtoo..., se:cdpVersion: 137.0.7151.56, setWindowRect: true, strictFileInteractability: false, timeouts: {implicit: 0, pageLoad: 300000, script: 30000}, unhandledPromptBehavior: dismiss and notify, webauthn:extension:credBlob: true, webauthn:extension:largeBlob: true, webauthn:extension:minPinLength: true, webauthn:extension:prf: true, webauthn:virtualAuthenticators: true}
Element: [[ChromeDriver: chrome on windows (cecef42b46565714570a7f2a1341273f)] -> xpath: (//div[@class='oxd-form-actions'])/button]
Session ID: cecef42b46565714570a7f2a1341273f]]>
            </message>
            <full-stacktrace>
              <![CDATA[org.openqa.selenium.ElementClickInterceptedException: element click intercepted: Element <button data-v-10d463b7="" data-v-6653c066="" type="submit" class="oxd-button oxd-button--medium oxd-button--secondary orangehrm-left-space">...</button> is not clickable at point (1402, 663). Other element would receive the click: <div data-v-af86f9aa="" class="orangehrm-custom-fields">...</div>
  (Session info: chrome=137.0.7151.56)
Build info: version: '4.20.0', revision: '866c76ca80'
System info: os.name: 'Windows 11', os.arch: 'amd64', os.version: '10.0', java.version: '21.0.6'
Driver info: org.openqa.selenium.chrome.ChromeDriver
Command: [cecef42b46565714570a7f2a1341273f, clickElement {id=f.51A02EFEC02AAC58504E1BF257B2C4E4.d.2A5A1872E2623FA8B73D15A5B479F744.e.89}]
Capabilities {acceptInsecureCerts: false, browserName: chrome, browserVersion: 137.0.7151.56, chrome: {chromedriverVersion: 137.0.7151.68 (2989ffee9373..., userDataDir: C:\Users\Kanu\AppData\Local...}, fedcm:accounts: true, goog:chromeOptions: {debuggerAddress: localhost:51313}, networkConnectionEnabled: false, pageLoadStrategy: normal, platformName: windows, proxy: Proxy(), se:cdp: ws://localhost:51313/devtoo..., se:cdpVersion: 137.0.7151.56, setWindowRect: true, strictFileInteractability: false, timeouts: {implicit: 0, pageLoad: 300000, script: 30000}, unhandledPromptBehavior: dismiss and notify, webauthn:extension:credBlob: true, webauthn:extension:largeBlob: true, webauthn:extension:minPinLength: true, webauthn:extension:prf: true, webauthn:virtualAuthenticators: true}
Element: [[ChromeDriver: chrome on windows (cecef42b46565714570a7f2a1341273f)] -> xpath: (//div[@class='oxd-form-actions'])/button]
Session ID: cecef42b46565714570a7f2a1341273f
at java.base/jdk.internal.reflect.DirectConstructorHandleAccessor.newInstance(DirectConstructorHandleAccessor.java:62)
at java.base/java.lang.reflect.Constructor.newInstanceWithCaller(Constructor.java:502)
at java.base/java.lang.reflect.Constructor.newInstance(Constructor.java:486)
at org.openqa.selenium.remote.ErrorCodec.decode(ErrorCodec.java:167)
at org.openqa.selenium.remote.codec.w3c.W3CHttpResponseCodec.decode(W3CHttpResponseCodec.java:138)
at org.openqa.selenium.remote.codec.w3c.W3CHttpResponseCodec.decode(W3CHttpResponseCodec.java:50)
at org.openqa.selenium.remote.HttpCommandExecutor.execute(HttpCommandExecutor.java:190)
at org.openqa.selenium.remote.service.DriverCommandExecutor.invokeExecute(DriverCommandExecutor.java:216)
at org.openqa.selenium.remote.service.DriverCommandExecutor.execute(DriverCommandExecutor.java:174)
at org.openqa.selenium.remote.RemoteWebDriver.execute(RemoteWebDriver.java:518)
at org.openqa.selenium.remote.RemoteWebElement.execute(RemoteWebElement.java:223)
at org.openqa.selenium.remote.RemoteWebElement.click(RemoteWebElement.java:76)
at java.base/jdk.internal.reflect.DirectMethodHandleAccessor.invoke(DirectMethodHandleAccessor.java:103)
at java.base/java.lang.reflect.Method.invoke(Method.java:580)
at org.openqa.selenium.support.pagefactory.internal.LocatingElementHandler.invoke(LocatingElementHandler.java:51)
at jdk.proxy2/jdk.proxy2.$Proxy12.click(Unknown Source)
at Page.Myinfo_PersonalDetailsPage.clickSaveButton1(Myinfo_PersonalDetailsPage.java:115)
at TestBase.Myinfo_PersonalDetailsTest.withoutdetials(Myinfo_PersonalDetailsTest.java:47)
at java.base/jdk.internal.reflect.DirectMethodHandleAccessor.invoke(DirectMethodHandleAccessor.java:103)
at java.base/java.lang.reflect.Method.invoke(Method.java:580)
at org.testng.internal.invokers.MethodInvocationHelper.invokeMethod(MethodInvocationHelper.java:141)
at org.testng.internal.invokers.TestInvoker.invokeMethod(TestInvoker.java:687)
at org.testng.internal.invokers.TestInvoker.invokeTestMethod(TestInvoker.java:230)
at org.testng.internal.invokers.MethodRunner.runInSequence(MethodRunner.java:63)
at org.testng.internal.invokers.TestInvoker$MethodInvocationAgent.invoke(TestInvoker.java:995)
at org.testng.internal.invokers.TestInvoker.invokeTestMethods(TestInvoker.java:203)
at org.testng.internal.invokers.TestMethodWorker.invokeTestMethods(TestMethodWorker.java:154)
at org.testng.internal.invokers.TestMethodWorker.run(TestMethodWorker.java:134)
at java.base/java.util.ArrayList.forEach(ArrayList.java:1596)
at org.testng.TestRunner.privateRun(TestRunner.java:741)
at org.testng.TestRunner.run(TestRunner.java:616)
at org.testng.SuiteRunner.runTest(SuiteRunner.java:421)
at org.testng.SuiteRunner.runSequentially(SuiteRunner.java:413)
at org.testng.SuiteRunner.privateRun(SuiteRunner.java:373)
at org.testng.SuiteRunner.run(SuiteRunner.java:312)
at org.testng.SuiteRunnerWorker.runSuite(SuiteRunnerWorker.java:52)
at org.testng.SuiteRunnerWorker.run(SuiteRunnerWorker.java:95)
at org.testng.TestNG.runSuitesSequentially(TestNG.java:1274)
at org.testng.TestNG.runSuitesLocally(TestNG.java:1208)
at org.testng.TestNG.runSuites(TestNG.java:1112)
at org.testng.TestNG.run(TestNG.java:1079)
at org.testng.remote.AbstractRemoteTestNG.run(AbstractRemoteTestNG.java:115)
at org.testng.remote.RemoteTestNG.initAndRun(RemoteTestNG.java:293)
at org.testng.remote.RemoteTestNG.main(RemoteTestNG.java:91)
]]>
            </full-stacktrace>
          </exception> <!-- org.openqa.selenium.ElementClickInterceptedException -->
          <reporter-output>
          </reporter-output>
        </test-method> <!-- withoutdetials -->
        <test-method signature="Add_Attachment()[pri:3, instance:TestBase.Myinfo_PersonalDetailsTest@3b0090a4]" started-at="2025-06-04T18:13:54 IST" name="Add_Attachment" finished-at="2025-06-04T18:14:01 IST" duration-ms="7303" status="PASS">
          <reporter-output>
          </reporter-output>
        </test-method> <!-- Add_Attachment -->
        <test-method signature="FullDetails()[pri:4, instance:TestBase.Myinfo_PersonalDetailsTest@3b0090a4]" started-at="2025-06-04T18:14:01 IST" name="FullDetails" finished-at="2025-06-04T18:14:03 IST" duration-ms="1714" status="PASS">
          <reporter-output>
          </reporter-output>
        </test-method> <!-- FullDetails -->
        <test-method signature="ClickDeletebutton()[pri:5, instance:TestBase.Myinfo_PersonalDetailsTest@3b0090a4]" started-at="2025-06-04T18:14:03 IST" name="ClickDeletebutton" finished-at="2025-06-04T18:14:09 IST" duration-ms="6568" status="PASS">
          <reporter-output>
          </reporter-output>
        </test-method> <!-- ClickDeletebutton -->
        <test-method signature="ClickDownlaodButton()[pri:6, instance:TestBase.Myinfo_PersonalDetailsTest@3b0090a4]" started-at="2025-06-04T18:14:09 IST" name="ClickDownlaodButton" finished-at="2025-06-04T18:14:14 IST" duration-ms="4184" status="PASS">
          <reporter-output>
          </reporter-output>
        </test-method> <!-- ClickDownlaodButton -->
        <test-method is-config="true" signature="terminate()[pri:0, instance:TestBase.Myinfo_PersonalDetailsTest@3b0090a4]" started-at="2025-06-04T18:14:14 IST" name="terminate" finished-at="2025-06-04T18:14:14 IST" duration-ms="377" status="PASS">
          <reporter-output>
          </reporter-output>
        </test-method> <!-- terminate -->
      </class> <!-- TestBase.Myinfo_PersonalDetailsTest -->
    </test> <!-- Default test -->
  </suite> <!-- Default suite -->
</testng-results>
