<?xml version="1.0" encoding="UTF-8"?>
<testng-results ignored="0" total="4" passed="4" failed="0" skipped="0">
  <reporter-output>
  </reporter-output>
  <suite started-at="2025-06-04T12:04:39 IST" name="Default suite" finished-at="2025-06-04T12:05:17 IST" duration-ms="37669">
    <groups>
    </groups>
    <test started-at="2025-06-04T12:04:39 IST" name="Default test" finished-at="2025-06-04T12:05:17 IST" duration-ms="37669">
      <class name="TestBase.ProfilepictureTest">
        <test-method is-config="true" signature="initialzation()[pri:0, instance:TestBase.ProfilepictureTest@9d5509a]" started-at="2025-06-04T12:04:39 IST" name="initialzation" finished-at="2025-06-04T12:05:00 IST" duration-ms="21372" status="PASS">
          <reporter-output>
          </reporter-output>
        </test-method> <!-- initialzation -->
        <test-method is-config="true" signature="Login()[pri:0, instance:TestBase.ProfilepictureTest@9d5509a]" started-at="2025-06-04T12:05:00 IST" name="Login" finished-at="2025-06-04T12:05:03 IST" duration-ms="3106" status="PASS">
          <reporter-output>
          </reporter-output>
        </test-method> <!-- Login -->
        <test-method signature="openMyInfo()[pri:1, instance:TestBase.ProfilepictureTest@9d5509a]" started-at="2025-06-04T12:05:03 IST" name="openMyInfo" finished-at="2025-06-04T12:05:06 IST" duration-ms="2549" status="PASS">
          <reporter-output>
          </reporter-output>
        </test-method> <!-- openMyInfo -->
        <test-method signature="clickonPP()[pri:2, instance:TestBase.ProfilepictureTest@9d5509a]" started-at="2025-06-04T12:05:06 IST" name="clickonPP" finished-at="2025-06-04T12:05:07 IST" duration-ms="980" status="PASS">
          <reporter-output>
          </reporter-output>
        </test-method> <!-- clickonPP -->
        <test-method signature="Clickonaddbutton()[pri:3, instance:TestBase.ProfilepictureTest@9d5509a]" started-at="2025-06-04T12:05:07 IST" name="Clickonaddbutton" finished-at="2025-06-04T12:05:14 IST" duration-ms="6899" status="PASS">
          <reporter-output>
          </reporter-output>
        </test-method> <!-- Clickonaddbutton -->
        <test-method signature="Clickonsavebutton()[pri:4, instance:TestBase.ProfilepictureTest@9d5509a]" started-at="2025-06-04T12:05:14 IST" name="Clickonsavebutton" finished-at="2025-06-04T12:05:16 IST" duration-ms="2269" status="PASS">
          <reporter-output>
          </reporter-output>
        </test-method> <!-- Clickonsavebutton -->
        <test-method is-config="true" signature="terminate()[pri:0, instance:TestBase.ProfilepictureTest@9d5509a]" started-at="2025-06-04T12:05:16 IST" name="terminate" finished-at="2025-06-04T12:05:17 IST" duration-ms="362" status="PASS">
          <reporter-output>
          </reporter-output>
        </test-method> <!-- terminate -->
      </class> <!-- TestBase.ProfilepictureTest -->
    </test> <!-- Default test -->
  </suite> <!-- Default suite -->
</testng-results>
